{"name": "test_loginTestsOne", "status": "broken", "statusDetails": {"message": "selenium.common.exceptions.TimeoutException: Message: \nStacktrace:\n\tGetHandleVerifier [0x00007FF7EF59D095+12933]\n\tMicrosoft::Applications::Events::EventProperty::empty [0x00007FF7EF85FE14+2285364]\n\tMicrosoft::Applications::Events::EventProperty::empty [0x00007FF7EF79D7D6+1489142]\n\t(No symbol) [0x00007FF7EF38978E]\n\t(No symbol) [0x00007FF7EF389896]\n\t(No symbol) [0x00007FF7EF3C37D7]\n\t(No symbol) [0x00007FF7EF3A84BF]\n\t(No symbol) [0x00007FF7EF3805A7]\n\t(No symbol) [0x00007FF7EF3C13B1]\n\t(No symbol) [0x00007FF7EF3A80E3]\n\t(No symbol) [0x00007FF7EF37FAE4]\n\t(No symbol) [0x00007FF7EF37EF90]\n\t(No symbol) [0x00007FF7EF37F6D1]\n\tMicrosoft::Applications::Events::EventProperty::empty [0x00007FF7EF734764+1058948]\n\tMicrosoft::Applications::Events::EventProperty::~EventProperty [0x00007FF7EF4A66B4+56500]\n\tMicrosoft::Applications::Events::EventProperty::empty [0x00007FF7EF733763+1054851]\n\tMicrosoft::Applications::Events::EventProperty::empty [0x00007FF7EF7333C9+1053929]\n\tMicrosoft::Applications::Events::ILogConfiguration::operator* [0x00007FF7EF5339E1+428481]\n\tMicrosoft::Applications::Events::ILogConfiguration::operator* [0x00007FF7EF52FC94+412788]\n\tMicrosoft::Applications::Events::ILogConfiguration::operator* [0x00007FF7EF52FDD9+413113]\n\tMicrosoft::Applications::Events::ILogConfiguration::operator* [0x00007FF7EF525A06+371174]\n\tBaseThreadInitThunk [0x00007FF896447374+20]\n\tRtlUserThreadStart [0x00007FF89845CC91+33]", "trace": "self = <Tests.test_login.Test_TestOne object at 0x000001F84B95FEC0>, setup = <selenium.webdriver.edge.webdriver.WebDriver (session=\"87ffec33f134793ef7d13cccf356500c\")>\n\n    @pytest.mark.consy\n    @allure.severity(allure.severity_level.CRITICAL)\n    def test_loginTestsOne(self, setup):\n        self.driver = setup\n        self.driver.get(self.bankingURL)\n        self.driver.maximize_window()\n        self.login = LoginPage(self.driver)\n        self.login.clickCustomerLoginButton()\n>       self.login.clickCustomerName()\n\nTests\\test_login.py:20: \n_ _ _ _ _ _ _ _ _ _ _ _ _ _ _ _ _ _ _ _ _ _ _ _ _ _ _ _ _ _ _ _ _ _ _ _ _ _ _ _ _ _ _ _ _ _ _ _ _ _ _ _ _ _ _ _ _ _ _ _ _ _ _ _ _ _ _ _ _ _ _ _ _ _ _ _ _ _ _ _ _ _ _ _ _ _\nPages\\loginPage.py:22: in clickCustomerName\n    customerName = wait.until(EC.visibility_of_element_located((By.XPATH, self.dropdown_CustomerName_id)))\n_ _ _ _ _ _ _ _ _ _ _ _ _ _ _ _ _ _ _ _ _ _ _ _ _ _ _ _ _ _ _ _ _ _ _ _ _ _ _ _ _ _ _ _ _ _ _ _ _ _ _ _ _ _ _ _ _ _ _ _ _ _ _ _ _ _ _ _ _ _ _ _ _ _ _ _ _ _ _ _ _ _ _ _ _ _\n\nself = <selenium.webdriver.support.wait.WebDriverWait (session=\"87ffec33f134793ef7d13cccf356500c\")>\nmethod = <function visibility_of_element_located.<locals>._predicate at 0x000001F84CA625C0>, message = ''\n\n    def until(self, method: Callable[[D], Union[Literal[False], T]], message: str = \"\") -> T:\n        \"\"\"Calls the method provided with the driver as an argument until the \\\n        return value does not evaluate to ``False``.\n    \n        :param method: callable(WebDriver)\n        :param message: optional message for :exc:`TimeoutException`\n        :returns: the result of the last call to `method`\n        :raises: :exc:`selenium.common.exceptions.TimeoutException` if timeout occurs\n        \"\"\"\n        screen = None\n        stacktrace = None\n    \n        end_time = time.monotonic() + self._timeout\n        while True:\n            try:\n                value = method(self._driver)\n                if value:\n                    return value\n            except self._ignored_exceptions as exc:\n                screen = getattr(exc, \"screen\", None)\n                stacktrace = getattr(exc, \"stacktrace\", None)\n            time.sleep(self._poll)\n            if time.monotonic() > end_time:\n                break\n>       raise TimeoutException(message, screen, stacktrace)\nE       selenium.common.exceptions.TimeoutException: Message: \nE       Stacktrace:\nE       \tGetHandleVerifier [0x00007FF7EF59D095+12933]\nE       \tMicrosoft::Applications::Events::EventProperty::empty [0x00007FF7EF85FE14+2285364]\nE       \tMicrosoft::Applications::Events::EventProperty::empty [0x00007FF7EF79D7D6+1489142]\nE       \t(No symbol) [0x00007FF7EF38978E]\nE       \t(No symbol) [0x00007FF7EF389896]\nE       \t(No symbol) [0x00007FF7EF3C37D7]\nE       \t(No symbol) [0x00007FF7EF3A84BF]\nE       \t(No symbol) [0x00007FF7EF3805A7]\nE       \t(No symbol) [0x00007FF7EF3C13B1]\nE       \t(No symbol) [0x00007FF7EF3A80E3]\nE       \t(No symbol) [0x00007FF7EF37FAE4]\nE       \t(No symbol) [0x00007FF7EF37EF90]\nE       \t(No symbol) [0x00007FF7EF37F6D1]\nE       \tMicrosoft::Applications::Events::EventProperty::empty [0x00007FF7EF734764+1058948]\nE       \tMicrosoft::Applications::Events::EventProperty::~EventProperty [0x00007FF7EF4A66B4+56500]\nE       \tMicrosoft::Applications::Events::EventProperty::empty [0x00007FF7EF733763+1054851]\nE       \tMicrosoft::Applications::Events::EventProperty::empty [0x00007FF7EF7333C9+1053929]\nE       \tMicrosoft::Applications::Events::ILogConfiguration::operator* [0x00007FF7EF5339E1+428481]\nE       \tMicrosoft::Applications::Events::ILogConfiguration::operator* [0x00007FF7EF52FC94+412788]\nE       \tMicrosoft::Applications::Events::ILogConfiguration::operator* [0x00007FF7EF52FDD9+413113]\nE       \tMicrosoft::Applications::Events::ILogConfiguration::operator* [0x00007FF7EF525A06+371174]\nE       \tBaseThreadInitThunk [0x00007FF896447374+20]\nE       \tRtlUserThreadStart [0x00007FF89845CC91+33]\n\n..\\..\\..\\..\\AppData\\Local\\Programs\\Python\\Python312\\Lib\\site-packages\\selenium\\webdriver\\support\\wait.py:105: TimeoutException"}, "start": 1729616281509, "stop": 1729616299892, "uuid": "a6d7c471-4389-4a88-b7ee-1c3aca14f91f", "historyId": "16354c69e511ecc93a3c1ceee382e6a5", "testCaseId": "16354c69e511ecc93a3c1ceee382e6a5", "fullName": "Tests.test_login.Test_TestOne#test_loginTestsOne", "labels": [{"name": "severity", "value": "critical"}, {"name": "tag", "value": "consy"}, {"name": "parentSuite", "value": "Tests"}, {"name": "suite", "value": "test_login"}, {"name": "subSuite", "value": "Test_TestOne"}, {"name": "host", "value": "ZAJ-TUTJACONS"}, {"name": "thread", "value": "27836-MainThread"}, {"name": "framework", "value": "pytest"}, {"name": "language", "value": "cpython3"}, {"name": "package", "value": "Tests.test_login"}]}